<?xml version="1.0" encoding="UTF-8"?>
<!-- Generated by org.testng.reporters.JUnitReportReporter -->
<testsuite hostname="abhaysharmaji" failures="0" tests="1" name="readexcel.Data" time="6.117" errors="0" timestamp="2022-05-20T16:55:51 IST" skipped="0">
  <testcase classname="readexcel.Data" name="test" time="6.117"/>
  <system-out/>
</testsuite> <!-- readexcel.Data -->
