<?xml version="1.0" encoding="UTF-8"?>
<!-- Generated by org.testng.reporters.JUnitReportReporter -->
<testsuite hostname="abhaysharmaji" failures="0" tests="1" name="Onlineticket.Testpage" time="38.567" errors="0" timestamp="2022-05-30T20:45:48 IST" skipped="0">
  <testcase classname="Onlineticket.Testpage" name="gettr" time="38.567"/>
  <system-out/>
</testsuite> <!-- Onlineticket.Testpage -->
