<?xml version="1.0" encoding="UTF-8"?>
<!-- Generated by org.testng.reporters.JUnitReportReporter -->
<testsuite hostname="abhaysharmaji" failures="0" tests="1" name="main_test.test_dataprovider" time="18.307" errors="0" timestamp="2022-07-02T23:18:07 IST" skipped="0">
  <testcase classname="main_test.test_dataprovider" name="youtbe_action" time="18.307"/>
  <system-out/>
</testsuite> <!-- main_test.test_dataprovider -->
