<?xml version="1.0" encoding="UTF-8"?>
<!-- Generated by org.testng.reporters.JUnitReportReporter -->
<testsuite hostname="abhaysharmaji" failures="0" tests="1" name="drag.drop" time="4.452" errors="0" timestamp="2022-04-01T12:59:14 IST" skipped="0">
  <testcase classname="drag.drop" name="action" time="4.452"/>
  <system-out/>
</testsuite> <!-- drag.drop -->
