<?xml version="1.0" encoding="UTF-8"?>
<!-- Generated by org.testng.reporters.JUnitReportReporter -->
<testsuite hostname="abhaysharmaji" failures="0" tests="1" name="tubetest.you" time="3.882" errors="0" timestamp="2022-03-24T10:41:41 IST" skipped="0">
  <testcase classname="tubetest.you" name="videos" time="3.882"/>
  <system-out/>
</testsuite> <!-- tubetest.you -->
